This file contains any messages produced by compilers while
running configure, to aid debugging if configure makes a mistake.

It was created by znc configure 1.0, which was
generated by GNU Autoconf 2.68.  Invocation command line was

  $ ./configure 

## --------- ##
## Platform. ##
## --------- ##

hostname = skittles
uname -m = i686
uname -r = 2.6.32-042stab068.8
uname -s = Linux
uname -v = #1 SMP Fri Dec 7 17:06:14 MSK 2012

/usr/bin/uname -p = unknown
/bin/uname -X     = unknown

/bin/arch              = unknown
/usr/bin/arch -k       = unknown
/usr/convex/getsysinfo = unknown
/usr/bin/hostinfo      = unknown
/bin/machine           = unknown
/usr/bin/oslevel       = unknown
/bin/universe          = unknown

PATH: /usr/local/sbin
PATH: /usr/local/bin
PATH: /usr/sbin
PATH: /usr/bin
PATH: /sbin
PATH: /bin
PATH: /usr/games


## ----------- ##
## Core tests. ##
## ----------- ##

configure:2026: checking for g++
configure:2056: result: no
configure:2026: checking for c++
configure:2056: result: no
configure:2026: checking for gpp
configure:2056: result: no
configure:2026: checking for aCC
configure:2056: result: no
configure:2026: checking for CC
configure:2056: result: no
configure:2026: checking for cxx
configure:2056: result: no
configure:2026: checking for cc++
configure:2056: result: no
configure:2026: checking for cl.exe
configure:2056: result: no
configure:2026: checking for FCC
configure:2056: result: no
configure:2026: checking for KCC
configure:2056: result: no
configure:2026: checking for RCC
configure:2056: result: no
configure:2026: checking for xlC_r
configure:2056: result: no
configure:2026: checking for xlC
configure:2056: result: no
configure:2080: checking for C++ compiler version
configure:2089: g++ --version >&5
./configure: line 2091: g++: command not found
configure:2100: $? = 127
configure:2089: g++ -v >&5
./configure: line 2091: g++: command not found
configure:2100: $? = 127
configure:2089: g++ -V >&5
./configure: line 2091: g++: command not found
configure:2100: $? = 127
configure:2089: g++ -qversion >&5
./configure: line 2091: g++: command not found
configure:2100: $? = 127
configure:2120: checking whether the C++ compiler works
configure:2142: g++     conftest.cpp  >&5
./configure: line 2144: g++: command not found
configure:2146: $? = 127
configure:2184: result: no
configure: failed program was:
| /* confdefs.h */
| #define PACKAGE_NAME "znc"
| #define PACKAGE_TARNAME "znc"
| #define PACKAGE_VERSION "1.0"
| #define PACKAGE_STRING "znc 1.0"
| #define PACKAGE_BUGREPORT ""
| #define PACKAGE_URL ""
| /* end confdefs.h.  */
| 
| int
| main ()
| {
| 
|   ;
|   return 0;
| }
configure:2189: error: in `/home/dev/znc-1.0':
configure:2191: error: C++ compiler cannot create executables
See `config.log' for more details

## ---------------- ##
## Cache variables. ##
## ---------------- ##

ac_cv_env_CCC_set=
ac_cv_env_CCC_value=
ac_cv_env_CPPFLAGS_set=
ac_cv_env_CPPFLAGS_value=
ac_cv_env_CXXFLAGS_set=
ac_cv_env_CXXFLAGS_value=
ac_cv_env_CXX_set=
ac_cv_env_CXX_value=
ac_cv_env_LDFLAGS_set=
ac_cv_env_LDFLAGS_value=
ac_cv_env_LIBS_set=
ac_cv_env_LIBS_value=
ac_cv_env_PKG_CONFIG_LIBDIR_set=
ac_cv_env_PKG_CONFIG_LIBDIR_value=
ac_cv_env_PKG_CONFIG_PATH_set=
ac_cv_env_PKG_CONFIG_PATH_value=
ac_cv_env_PKG_CONFIG_set=
ac_cv_env_PKG_CONFIG_value=
ac_cv_env_build_alias_set=
ac_cv_env_build_alias_value=
ac_cv_env_host_alias_set=
ac_cv_env_host_alias_value=
ac_cv_env_openssl_CFLAGS_set=
ac_cv_env_openssl_CFLAGS_value=
ac_cv_env_openssl_LIBS_set=
ac_cv_env_openssl_LIBS_value=
ac_cv_env_python_CFLAGS_set=
ac_cv_env_python_CFLAGS_value=
ac_cv_env_python_LIBS_set=
ac_cv_env_python_LIBS_value=
ac_cv_env_target_alias_set=
ac_cv_env_target_alias_value=

## ----------------- ##
## Output variables. ##
## ----------------- ##

CFLAG_VISIBILITY=''
CHARSET=''
CPPFLAGS=''
CXX='g++'
CXXFLAGS=' '
CYRUS=''
DATADIR=''
DEFS=''
ECHO_C=''
ECHO_N='-n'
ECHO_T=''
EXEEXT=''
GIT=''
GREP=''
HAVE_SYSTEMD_FALSE=''
HAVE_SYSTEMD_TRUE=''
HAVE_VISIBILITY=''
INSTALL_DATA=''
INSTALL_PROGRAM=''
INSTALL_SCRIPT=''
ISCYGWIN=''
LDFLAGS=''
LIBICONV=''
LIBOBJS=''
LIBS=''
LIBZNC=''
LIBZNCDIR=''
LTLIBOBJS=''
MODDIR=''
MODFLAGS=''
MODLINK=''
NOSSL=''
OBJEXT=''
PACKAGE_BUGREPORT=''
PACKAGE_NAME='znc'
PACKAGE_STRING='znc 1.0'
PACKAGE_TARNAME='znc'
PACKAGE_URL=''
PACKAGE_VERSION='1.0'
PATH_SEPARATOR=':'
PERL=''
PERL_BINARY=''
PKG_CONFIG=''
PKG_CONFIG_LIBDIR=''
PKG_CONFIG_PATH=''
PTHREAD_CC=''
PTHREAD_CFLAGS=''
PTHREAD_LIBS=''
PYTHON=''
SED=''
SHELL='/bin/bash'
SWIG=''
SWIG_LIB=''
TCL_FLAGS=''
ac_ct_CXX=''
ax_pthread_config=''
bindir='${exec_prefix}/bin'
build=''
build_alias=''
build_cpu=''
build_os=''
build_vendor=''
datadir='${datarootdir}'
datarootdir='${prefix}/share'
docdir='${datarootdir}/doc/${PACKAGE_TARNAME}'
dvidir='${docdir}'
exec_prefix='NONE'
host=''
host_alias=''
host_cpu=''
host_os=''
host_vendor=''
htmldir='${docdir}'
includedir='${prefix}/include'
infodir='${datarootdir}/info'
libdir='${exec_prefix}/lib'
libexecdir='${exec_prefix}/libexec'
localedir='${datarootdir}/locale'
localstatedir='${prefix}/var'
mandir='${datarootdir}/man'
oldincludedir='/usr/include'
openssl_CFLAGS=''
openssl_LIBS=''
pdfdir='${docdir}'
prefix='NONE'
program_transform_name='s,x,x,'
psdir='${docdir}'
python_CFLAGS=''
python_LIBS=''
sbindir='${exec_prefix}/sbin'
sharedstatedir='${prefix}/com'
sysconfdir='${prefix}/etc'
systemdsystemunitdir=''
target_alias=''

## ----------- ##
## confdefs.h. ##
## ----------- ##

/* confdefs.h */
#define PACKAGE_NAME "znc"
#define PACKAGE_TARNAME "znc"
#define PACKAGE_VERSION "1.0"
#define PACKAGE_STRING "znc 1.0"
#define PACKAGE_BUGREPORT ""
#define PACKAGE_URL ""

configure: exit 77
